<?xml version="1.0" encoding="UTF-8"?>
<robot generator="Robot 6.0.2 (Python 3.10.6 on linux)" generated="20230515 18:20:52.997" rpa="false" schemaversion="3">
<suite id="s1" name="Amazon Teste" source="/home/clarotunala/Projetos/CursoUdemy/RobotFramework/WebTesting/amazon_teste.robot">
<test id="s1-t1" name="Caso de teste 01 - Acesso ao menu &quot;Eletrônicos&quot;" line="9">
<kw name="Abrir o navegador" library="amazon_resources" type="SETUP">
<kw name="Open Browser" library="SeleniumLibrary">
<arg>browser=chrome</arg>
<doc>Opens a new browser instance to the optional ``url``.</doc>
<msg timestamp="20230515 18:20:53.760" level="INFO">Opening browser 'chrome' to base url 'None'.</msg>
<status status="PASS" starttime="20230515 18:20:53.759" endtime="20230515 18:20:57.407"/>
</kw>
<kw name="Maximize Browser Window" library="SeleniumLibrary">
<doc>Maximizes current browser window.</doc>
<status status="PASS" starttime="20230515 18:20:57.408" endtime="20230515 18:20:57.514"/>
</kw>
<status status="PASS" starttime="20230515 18:20:53.759" endtime="20230515 18:20:57.514"/>
</kw>
<kw name="Acessar a home page do site Amazon.com.br" library="amazon_resources">
<kw name="Go To" library="SeleniumLibrary">
<arg>url=${URL}</arg>
<doc>Navigates the current browser window to the provided ``url``.</doc>
<msg timestamp="20230515 18:20:57.515" level="INFO">Opening url 'https://www.amazon.com.br'</msg>
<status status="PASS" starttime="20230515 18:20:57.515" endtime="20230515 18:21:01.977"/>
</kw>
<kw name="Wait Until Element Is Visible" library="SeleniumLibrary">
<arg>locator=${MENU_MAISVENDIDOS}</arg>
<doc>Waits until the element ``locator`` is visible.</doc>
<status status="PASS" starttime="20230515 18:21:01.977" endtime="20230515 18:21:02.297"/>
</kw>
<status status="PASS" starttime="20230515 18:20:57.515" endtime="20230515 18:21:02.297"/>
</kw>
<kw name="Verificar se o título da página fica &quot;Amazon.com.br | Tudo pra você, de A a Z.&quot;" library="amazon_resources" sourcename="Verificar se o título da página fica &quot;${TITULO}&quot;">
<kw name="Title Should Be" library="SeleniumLibrary">
<arg>title=${TITULO}</arg>
<doc>Verifies that the current page title equals ``title``.</doc>
<msg timestamp="20230515 18:21:02.367" level="INFO">Page title is 'Amazon.com.br | Tudo pra você, de A a Z.'.</msg>
<status status="PASS" starttime="20230515 18:21:02.299" endtime="20230515 18:21:02.367"/>
</kw>
<status status="PASS" starttime="20230515 18:21:02.298" endtime="20230515 18:21:02.368"/>
</kw>
<kw name="Entrar no menu &quot;Mais Vendidos&quot;" library="amazon_resources">
<kw name="Click Element" library="SeleniumLibrary">
<arg>locator=${MENU_MAISVENDIDOS}</arg>
<doc>Click the element identified by ``locator``.</doc>
<msg timestamp="20230515 18:21:02.371" level="INFO">Clicking element '//a[@href='/gp/bestsellers/?ref_=nav_cs_bestsellers'][contains(.,'Mais Vendidos')]'.</msg>
<status status="PASS" starttime="20230515 18:21:02.369" endtime="20230515 18:21:04.729"/>
</kw>
<status status="PASS" starttime="20230515 18:21:02.368" endtime="20230515 18:21:04.729"/>
</kw>
<kw name="Verificar se aparece a frase &quot;Mais Vendidos&quot;" library="amazon_resources" sourcename="Verificar se aparece a frase &quot;${TITLE_TEXTO}&quot;">
<kw name="Wait Until Page Contains" library="SeleniumLibrary">
<arg>text=${TITLE_TEXTO}</arg>
<doc>Waits until ``text`` appears on the current page.</doc>
<status status="PASS" starttime="20230515 18:21:04.730" endtime="20230515 18:21:04.767"/>
</kw>
<kw name="Wait Until Element Is Visible" library="SeleniumLibrary">
<arg>locator=${TITLE_PAGE}</arg>
<doc>Waits until the element ``locator`` is visible.</doc>
<status status="PASS" starttime="20230515 18:21:04.768" endtime="20230515 18:21:04.809"/>
</kw>
<status status="PASS" starttime="20230515 18:21:04.729" endtime="20230515 18:21:04.809"/>
</kw>
<kw name="Verificar se o título da página fica &quot;Amazon.com.br Mais Vendidos: Os itens mais populares na Amazon&quot;" library="amazon_resources" sourcename="Verificar se o título da página fica &quot;${TITULO}&quot;">
<kw name="Title Should Be" library="SeleniumLibrary">
<arg>title=${TITULO}</arg>
<doc>Verifies that the current page title equals ``title``.</doc>
<msg timestamp="20230515 18:21:04.822" level="INFO">Page title is 'Amazon.com.br Mais Vendidos: Os itens mais populares na Amazon'.</msg>
<status status="PASS" starttime="20230515 18:21:04.811" endtime="20230515 18:21:04.822"/>
</kw>
<status status="PASS" starttime="20230515 18:21:04.810" endtime="20230515 18:21:04.822"/>
</kw>
<kw name="Verificar se aparece a categoria &quot;Mais Vendidos em Cozinha&quot;" library="amazon_resources" sourcename="Verificar se aparece a categoria &quot;${NOME_CATEGORIA}&quot;">
<kw name="Element Should Be Visible" library="SeleniumLibrary">
<arg>locator=//h2[contains(.,'${NOME_CATEGORIA}')]</arg>
<doc>Verifies that the element identified by ``locator`` is visible.</doc>
<msg timestamp="20230515 18:21:04.853" level="INFO">Element '//h2[contains(.,'Mais Vendidos em Cozinha')]' is displayed.</msg>
<status status="PASS" starttime="20230515 18:21:04.823" endtime="20230515 18:21:04.854"/>
</kw>
<status status="PASS" starttime="20230515 18:21:04.822" endtime="20230515 18:21:04.854"/>
</kw>
<kw name="Verificar se aparece a categoria &quot;Mais Vendidos em Moda&quot;" library="amazon_resources" sourcename="Verificar se aparece a categoria &quot;${NOME_CATEGORIA}&quot;">
<kw name="Element Should Be Visible" library="SeleniumLibrary">
<arg>locator=//h2[contains(.,'${NOME_CATEGORIA}')]</arg>
<doc>Verifies that the element identified by ``locator`` is visible.</doc>
<msg timestamp="20230515 18:21:04.889" level="INFO">Element '//h2[contains(.,'Mais Vendidos em Moda')]' is displayed.</msg>
<status status="PASS" starttime="20230515 18:21:04.854" endtime="20230515 18:21:04.889"/>
</kw>
<status status="PASS" starttime="20230515 18:21:04.854" endtime="20230515 18:21:04.890"/>
</kw>
<doc>Esse teste verifica o menu eletrônicos do site amazon.com.br
e verifica a categoria Computadores e Informática</doc>
<tag>categorias</tag>
<tag>menus</tag>
<status status="PASS" starttime="20230515 18:20:53.758" endtime="20230515 18:21:04.890"/>
</test>
<test id="s1-t2" name="Caso de teste 02 - Pesquisa de um Produto" line="21">
<kw name="Abrir o navegador" library="amazon_resources" type="SETUP">
<kw name="Open Browser" library="SeleniumLibrary">
<arg>browser=chrome</arg>
<doc>Opens a new browser instance to the optional ``url``.</doc>
<msg timestamp="20230515 18:21:04.892" level="INFO">Opening browser 'chrome' to base url 'None'.</msg>
<status status="PASS" starttime="20230515 18:21:04.892" endtime="20230515 18:21:08.550"/>
</kw>
<kw name="Maximize Browser Window" library="SeleniumLibrary">
<doc>Maximizes current browser window.</doc>
<status status="PASS" starttime="20230515 18:21:08.551" endtime="20230515 18:21:08.737"/>
</kw>
<status status="PASS" starttime="20230515 18:21:04.892" endtime="20230515 18:21:08.738"/>
</kw>
<kw name="Acessar a home page do site Amazon.com.br" library="amazon_resources">
<kw name="Go To" library="SeleniumLibrary">
<arg>url=${URL}</arg>
<doc>Navigates the current browser window to the provided ``url``.</doc>
<msg timestamp="20230515 18:21:08.741" level="INFO">Opening url 'https://www.amazon.com.br'</msg>
<status status="PASS" starttime="20230515 18:21:08.739" endtime="20230515 18:21:14.864"/>
</kw>
<kw name="Wait Until Element Is Visible" library="SeleniumLibrary">
<arg>locator=${MENU_MAISVENDIDOS}</arg>
<doc>Waits until the element ``locator`` is visible.</doc>
<status status="PASS" starttime="20230515 18:21:14.864" endtime="20230515 18:21:14.949"/>
</kw>
<status status="PASS" starttime="20230515 18:21:08.739" endtime="20230515 18:21:14.949"/>
</kw>
<kw name="Digitar o nome de produto &quot;Xbox Series S&quot; no campo de pesquisa" library="amazon_resources" sourcename="Digitar o nome de produto &quot;${PRODUTO}&quot; no campo de pesquisa">
<kw name="Input Text" library="SeleniumLibrary">
<arg>locator=twotabsearchtextbox</arg>
<arg>text=${PRODUTO}</arg>
<doc>Types the given ``text`` into the text field identified by ``locator``.</doc>
<msg timestamp="20230515 18:21:14.950" level="INFO">Typing text 'Xbox Series S' into text field 'twotabsearchtextbox'.</msg>
<status status="PASS" starttime="20230515 18:21:14.950" endtime="20230515 18:21:15.576"/>
</kw>
<status status="PASS" starttime="20230515 18:21:14.949" endtime="20230515 18:21:15.577"/>
</kw>
<kw name="Clicar no botão de pesquisa" library="amazon_resources">
<kw name="Click Element" library="SeleniumLibrary">
<arg>locator=nav-search-submit-button</arg>
<doc>Click the element identified by ``locator``.</doc>
<msg timestamp="20230515 18:21:15.579" level="INFO">Clicking element 'nav-search-submit-button'.</msg>
<status status="PASS" starttime="20230515 18:21:15.578" endtime="20230515 18:21:18.099"/>
</kw>
<status status="PASS" starttime="20230515 18:21:15.577" endtime="20230515 18:21:18.099"/>
</kw>
<kw name="Verificar o resultado da pesquisa se está listando o produto &quot;Console Xbox Series S&quot;" library="amazon_resources" sourcename="Verificar o resultado da pesquisa se está listando o produto &quot;${PRODUTO}&quot;">
<kw name="Wait Until Element Is Visible" library="SeleniumLibrary">
<arg>locator=(//span[contains(.,'${PRODUTO}')])[2]</arg>
<doc>Waits until the element ``locator`` is visible.</doc>
<status status="PASS" starttime="20230515 18:21:18.099" endtime="20230515 18:21:18.186"/>
</kw>
<status status="PASS" starttime="20230515 18:21:18.099" endtime="20230515 18:21:18.186"/>
</kw>
<doc>Esse teste verifica a busca de um produto</doc>
<tag>busca_produtos</tag>
<tag>lista_busca</tag>
<status status="PASS" starttime="20230515 18:21:04.890" endtime="20230515 18:21:18.186"/>
</test>
<test id="s1-t3" name="Caso de Teste 03 - Adicionar Produto no Carrinho" line="29">
<kw name="Abrir o navegador" library="amazon_resources" type="SETUP">
<kw name="Open Browser" library="SeleniumLibrary">
<arg>browser=chrome</arg>
<doc>Opens a new browser instance to the optional ``url``.</doc>
<msg timestamp="20230515 18:21:18.187" level="INFO">Opening browser 'chrome' to base url 'None'.</msg>
<status status="PASS" starttime="20230515 18:21:18.187" endtime="20230515 18:21:23.329"/>
</kw>
<kw name="Maximize Browser Window" library="SeleniumLibrary">
<doc>Maximizes current browser window.</doc>
<status status="PASS" starttime="20230515 18:21:23.329" endtime="20230515 18:21:23.437"/>
</kw>
<status status="PASS" starttime="20230515 18:21:18.187" endtime="20230515 18:21:23.438"/>
</kw>
<kw name="Acessar a home page do site Amazon.com.br" library="amazon_resources">
<kw name="Go To" library="SeleniumLibrary">
<arg>url=${URL}</arg>
<doc>Navigates the current browser window to the provided ``url``.</doc>
<msg timestamp="20230515 18:21:23.440" level="INFO">Opening url 'https://www.amazon.com.br'</msg>
<status status="PASS" starttime="20230515 18:21:23.439" endtime="20230515 18:21:28.831"/>
</kw>
<kw name="Wait Until Element Is Visible" library="SeleniumLibrary">
<arg>locator=${MENU_MAISVENDIDOS}</arg>
<doc>Waits until the element ``locator`` is visible.</doc>
<status status="PASS" starttime="20230515 18:21:28.831" endtime="20230515 18:21:28.892"/>
</kw>
<status status="PASS" starttime="20230515 18:21:23.439" endtime="20230515 18:21:28.892"/>
</kw>
<kw name="Digitar o nome de produto &quot;Xbox Series S&quot; no campo de pesquisa" library="amazon_resources" sourcename="Digitar o nome de produto &quot;${PRODUTO}&quot; no campo de pesquisa">
<kw name="Input Text" library="SeleniumLibrary">
<arg>locator=twotabsearchtextbox</arg>
<arg>text=${PRODUTO}</arg>
<doc>Types the given ``text`` into the text field identified by ``locator``.</doc>
<msg timestamp="20230515 18:21:28.894" level="INFO">Typing text 'Xbox Series S' into text field 'twotabsearchtextbox'.</msg>
<status status="PASS" starttime="20230515 18:21:28.893" endtime="20230515 18:21:29.166"/>
</kw>
<status status="PASS" starttime="20230515 18:21:28.893" endtime="20230515 18:21:29.167"/>
</kw>
<kw name="Clicar no botão de pesquisa" library="amazon_resources">
<kw name="Click Element" library="SeleniumLibrary">
<arg>locator=nav-search-submit-button</arg>
<doc>Click the element identified by ``locator``.</doc>
<msg timestamp="20230515 18:21:29.168" level="INFO">Clicking element 'nav-search-submit-button'.</msg>
<status status="PASS" starttime="20230515 18:21:29.167" endtime="20230515 18:21:29.473"/>
</kw>
<status status="PASS" starttime="20230515 18:21:29.167" endtime="20230515 18:21:29.473"/>
</kw>
<kw name="Verificar o resultado da pesquisa se está listando o produto &quot;Console Xbox Series S&quot;" library="amazon_resources" sourcename="Verificar o resultado da pesquisa se está listando o produto &quot;${PRODUTO}&quot;">
<kw name="Wait Until Element Is Visible" library="SeleniumLibrary">
<arg>locator=(//span[contains(.,'${PRODUTO}')])[2]</arg>
<doc>Waits until the element ``locator`` is visible.</doc>
<status status="PASS" starttime="20230515 18:21:29.474" endtime="20230515 18:21:30.965"/>
</kw>
<status status="PASS" starttime="20230515 18:21:29.473" endtime="20230515 18:21:30.965"/>
</kw>
<kw name="Adicionar o produto &quot;Console Xbox Series S&quot; no carrinho" library="amazon_resources">
<kw name="Click Element" library="SeleniumLibrary">
<arg>locator=//img[contains(@alt,'Console Xbox Series S')]</arg>
<doc>Click the element identified by ``locator``.</doc>
<msg timestamp="20230515 18:21:30.966" level="INFO">Clicking element '//img[contains(@alt,'Console Xbox Series S')]'.</msg>
<status status="PASS" starttime="20230515 18:21:30.966" endtime="20230515 18:21:39.885"/>
</kw>
<kw name="Click Button" library="SeleniumLibrary">
<arg>locator=add-to-cart-button</arg>
<doc>Clicks the button identified by ``locator``.</doc>
<msg timestamp="20230515 18:21:40.271" level="INFO">Clicking button 'add-to-cart-button'.</msg>
<status status="PASS" starttime="20230515 18:21:40.061" endtime="20230515 18:21:43.024"/>
</kw>
<status status="PASS" starttime="20230515 18:21:30.966" endtime="20230515 18:21:43.024"/>
</kw>
<kw name="Verificar se o produto Console &quot;Xbox Series S&quot; foi &quot;Adicionado ao carrinho&quot; com sucesso" library="amazon_resources" sourcename="Verificar se o produto Console &quot;${PRODUTO}&quot; foi &quot;${ADICIONADO}&quot; com sucesso">
<kw name="Wait Until Element Is Visible" library="SeleniumLibrary">
<arg>locator=//span[@class='a-size-medium-plus a-color-base sw-atc-text a-text-bold'][contains(.,'${ADICIONADO}')]</arg>
<doc>Waits until the element ``locator`` is visible.</doc>
<status status="PASS" starttime="20230515 18:21:43.025" endtime="20230515 18:21:43.165"/>
</kw>
<kw name="Wait Until Element Is Visible" library="SeleniumLibrary">
<arg>locator=//span[@class='a-size-base'][contains(.,'Xbox Series S')]</arg>
<doc>Waits until the element ``locator`` is visible.</doc>
<status status="PASS" starttime="20230515 18:21:43.165" endtime="20230515 18:21:43.216"/>
</kw>
<status status="PASS" starttime="20230515 18:21:43.024" endtime="20230515 18:21:43.217"/>
</kw>
<doc>Esse teste verifica a adição de um produto no carrinho de compras</doc>
<tag>adicionar_carrinho</tag>
<status status="PASS" starttime="20230515 18:21:18.186" endtime="20230515 18:21:43.217"/>
</test>
<test id="s1-t4" name="Caso de Teste 04 - Remover Produto do Carrinho" line="39">
<kw name="Abrir o navegador" library="amazon_resources" type="SETUP">
<kw name="Open Browser" library="SeleniumLibrary">
<arg>browser=chrome</arg>
<doc>Opens a new browser instance to the optional ``url``.</doc>
<msg timestamp="20230515 18:21:43.242" level="INFO">Opening browser 'chrome' to base url 'None'.</msg>
<status status="PASS" starttime="20230515 18:21:43.241" endtime="20230515 18:21:59.524"/>
</kw>
<kw name="Maximize Browser Window" library="SeleniumLibrary">
<doc>Maximizes current browser window.</doc>
<status status="PASS" starttime="20230515 18:21:59.525" endtime="20230515 18:21:59.632"/>
</kw>
<status status="PASS" starttime="20230515 18:21:43.240" endtime="20230515 18:21:59.632"/>
</kw>
<kw name="Acessar a home page do site Amazon.com.br" library="amazon_resources">
<kw name="Go To" library="SeleniumLibrary">
<arg>url=${URL}</arg>
<doc>Navigates the current browser window to the provided ``url``.</doc>
<msg timestamp="20230515 18:21:59.635" level="INFO">Opening url 'https://www.amazon.com.br'</msg>
<status status="PASS" starttime="20230515 18:21:59.634" endtime="20230515 18:22:09.160"/>
</kw>
<kw name="Wait Until Element Is Visible" library="SeleniumLibrary">
<arg>locator=${MENU_MAISVENDIDOS}</arg>
<doc>Waits until the element ``locator`` is visible.</doc>
<status status="PASS" starttime="20230515 18:22:09.161" endtime="20230515 18:22:09.737"/>
</kw>
<status status="PASS" starttime="20230515 18:21:59.633" endtime="20230515 18:22:09.737"/>
</kw>
<kw name="Digitar o nome de produto &quot;Xbox Series S&quot; no campo de pesquisa" library="amazon_resources" sourcename="Digitar o nome de produto &quot;${PRODUTO}&quot; no campo de pesquisa">
<kw name="Input Text" library="SeleniumLibrary">
<arg>locator=twotabsearchtextbox</arg>
<arg>text=${PRODUTO}</arg>
<doc>Types the given ``text`` into the text field identified by ``locator``.</doc>
<msg timestamp="20230515 18:22:09.738" level="INFO">Typing text 'Xbox Series S' into text field 'twotabsearchtextbox'.</msg>
<status status="PASS" starttime="20230515 18:22:09.737" endtime="20230515 18:22:12.697"/>
</kw>
<status status="PASS" starttime="20230515 18:22:09.737" endtime="20230515 18:22:12.697"/>
</kw>
<kw name="Clicar no botão de pesquisa" library="amazon_resources">
<kw name="Click Element" library="SeleniumLibrary">
<arg>locator=nav-search-submit-button</arg>
<doc>Click the element identified by ``locator``.</doc>
<msg timestamp="20230515 18:22:12.699" level="INFO">Clicking element 'nav-search-submit-button'.</msg>
<status status="PASS" starttime="20230515 18:22:12.698" endtime="20230515 18:22:14.036"/>
</kw>
<status status="PASS" starttime="20230515 18:22:12.698" endtime="20230515 18:22:14.036"/>
</kw>
<kw name="Verificar o resultado da pesquisa se está listando o produto &quot;Console Xbox Series S&quot;" library="amazon_resources" sourcename="Verificar o resultado da pesquisa se está listando o produto &quot;${PRODUTO}&quot;">
<kw name="Wait Until Element Is Visible" library="SeleniumLibrary">
<arg>locator=(//span[contains(.,'${PRODUTO}')])[2]</arg>
<doc>Waits until the element ``locator`` is visible.</doc>
<status status="PASS" starttime="20230515 18:22:14.038" endtime="20230515 18:22:16.804"/>
</kw>
<status status="PASS" starttime="20230515 18:22:14.037" endtime="20230515 18:22:16.804"/>
</kw>
<kw name="Adicionar o produto &quot;Console Xbox Series S&quot; no carrinho" library="amazon_resources">
<kw name="Click Element" library="SeleniumLibrary">
<arg>locator=//img[contains(@alt,'Console Xbox Series S')]</arg>
<doc>Click the element identified by ``locator``.</doc>
<msg timestamp="20230515 18:22:16.872" level="INFO">Clicking element '//img[contains(@alt,'Console Xbox Series S')]'.</msg>
<status status="PASS" starttime="20230515 18:22:16.871" endtime="20230515 18:22:26.671"/>
</kw>
<kw name="Click Button" library="SeleniumLibrary">
<arg>locator=add-to-cart-button</arg>
<doc>Clicks the button identified by ``locator``.</doc>
<msg timestamp="20230515 18:22:26.672" level="INFO">Clicking button 'add-to-cart-button'.</msg>
<status status="PASS" starttime="20230515 18:22:26.671" endtime="20230515 18:22:28.218"/>
</kw>
<status status="PASS" starttime="20230515 18:22:16.805" endtime="20230515 18:22:28.218"/>
</kw>
<kw name="Verificar se o produto Console &quot;Xbox Series S&quot; foi &quot;Adicionado ao carrinho&quot; com sucesso" library="amazon_resources" sourcename="Verificar se o produto Console &quot;${PRODUTO}&quot; foi &quot;${ADICIONADO}&quot; com sucesso">
<kw name="Wait Until Element Is Visible" library="SeleniumLibrary">
<arg>locator=//span[@class='a-size-medium-plus a-color-base sw-atc-text a-text-bold'][contains(.,'${ADICIONADO}')]</arg>
<doc>Waits until the element ``locator`` is visible.</doc>
<status status="PASS" starttime="20230515 18:22:28.219" endtime="20230515 18:22:28.262"/>
</kw>
<kw name="Wait Until Element Is Visible" library="SeleniumLibrary">
<arg>locator=//span[@class='a-size-base'][contains(.,'Xbox Series S')]</arg>
<doc>Waits until the element ``locator`` is visible.</doc>
<status status="PASS" starttime="20230515 18:22:28.262" endtime="20230515 18:22:28.291"/>
</kw>
<status status="PASS" starttime="20230515 18:22:28.219" endtime="20230515 18:22:28.291"/>
</kw>
<kw name="Remover o produto &quot;Console Xbox Series S&quot; do carrinho" library="amazon_resources" sourcename="Remover o produto &quot;${PRODUTO}&quot; do carrinho">
<kw name="Click Element" library="SeleniumLibrary">
<arg>locator=//a[contains(@aria-label,'1 item no carrinho')]</arg>
<doc>Click the element identified by ``locator``.</doc>
<msg timestamp="20230515 18:22:28.292" level="INFO">Clicking element '//a[contains(@aria-label,'1 item no carrinho')]'.</msg>
<status status="PASS" starttime="20230515 18:22:28.292" endtime="20230515 18:22:30.241"/>
</kw>
<kw name="Wait Until Element Is Visible" library="SeleniumLibrary">
<arg>locator=//h1[contains(.,'Carrinho de compras')]</arg>
<doc>Waits until the element ``locator`` is visible.</doc>
<status status="PASS" starttime="20230515 18:22:30.241" endtime="20230515 18:22:30.276"/>
</kw>
<kw name="Click Element" library="SeleniumLibrary">
<arg>locator=//input[@value='Excluir']</arg>
<doc>Click the element identified by ``locator``.</doc>
<msg timestamp="20230515 18:22:30.276" level="INFO">Clicking element '//input[@value='Excluir']'.</msg>
<status status="PASS" starttime="20230515 18:22:30.276" endtime="20230515 18:22:33.991"/>
</kw>
<kw name="Wait Until Element Is Visible" library="SeleniumLibrary">
<arg>locator=(//a[contains(.,'${PRODUTO}')])[1]</arg>
<doc>Waits until the element ``locator`` is visible.</doc>
<status status="PASS" starttime="20230515 18:22:33.991" endtime="20230515 18:22:34.080"/>
</kw>
<status status="PASS" starttime="20230515 18:22:28.291" endtime="20230515 18:22:34.080"/>
</kw>
<kw name="Verificar se o carrinho fica vazio" library="amazon_resources">
<kw name="Wait Until Element Is Visible" library="SeleniumLibrary">
<arg>locator=//h1[@class='a-spacing-mini a-spacing-top-base'][contains(.,'Seu carrinho de compras da Amazon está vazio.')]</arg>
<doc>Waits until the element ``locator`` is visible.</doc>
<status status="PASS" starttime="20230515 18:22:34.080" endtime="20230515 18:22:34.317"/>
</kw>
<status status="PASS" starttime="20230515 18:22:34.080" endtime="20230515 18:22:34.317"/>
</kw>
<doc>Esse teste verifica a remoção de um produto no carrinho de compras</doc>
<tag>remover_carrinho</tag>
<status status="PASS" starttime="20230515 18:21:43.238" endtime="20230515 18:22:34.317"/>
</test>
<doc>Essa suite testa o site da amazon.com.br</doc>
<status status="PASS" starttime="20230515 18:20:52.997" endtime="20230515 18:22:38.733"/>
</suite>
<statistics>
<total>
<stat pass="4" fail="0" skip="0">All Tests</stat>
</total>
<tag>
<stat pass="1" fail="0" skip="0">adicionar_carrinho</stat>
<stat pass="1" fail="0" skip="0">busca_produtos</stat>
<stat pass="1" fail="0" skip="0">categorias</stat>
<stat pass="1" fail="0" skip="0">lista_busca</stat>
<stat pass="1" fail="0" skip="0">menus</stat>
<stat pass="1" fail="0" skip="0">remover_carrinho</stat>
</tag>
<suite>
<stat pass="4" fail="0" skip="0" id="s1" name="Amazon Teste">Amazon Teste</stat>
</suite>
</statistics>
<errors>
</errors>
</robot>
