<?xml version="1.0" encoding="UTF-8"?>
<robot generator="Robot 6.0.2 (Python 3.10.6 on linux)" generated="20230512 17:36:24.460" rpa="false" schemaversion="3">
<suite id="s1" name="Amazon Testes Gherkin Bdd" source="/home/clarotunala/Projetos/CursoUdemy/RobotFramework/WebTesting/amazon_testes_gherkin_bdd.robot">
<test id="s1-t1" name="Caso de teste 01 - Acesso ao menu &quot;Eletrônicos&quot;" line="9">
<kw name="Abrir o navegador" library="amazon_resources" type="SETUP">
<kw name="Open Browser" library="SeleniumLibrary">
<arg>browser=chrome</arg>
<doc>Opens a new browser instance to the optional ``url``.</doc>
<msg timestamp="20230512 17:36:25.233" level="INFO">Opening browser 'chrome' to base url 'None'.</msg>
<status status="PASS" starttime="20230512 17:36:25.232" endtime="20230512 17:36:58.906"/>
</kw>
<kw name="Maximize Browser Window" library="SeleniumLibrary">
<doc>Maximizes current browser window.</doc>
<status status="PASS" starttime="20230512 17:36:58.906" endtime="20230512 17:36:59.346"/>
</kw>
<status status="PASS" starttime="20230512 17:36:25.232" endtime="20230512 17:36:59.346"/>
</kw>
<kw name="Dado que estou na home page da Amazon.com.br" library="amazon_resources">
<kw name="Acessar a home page do site Amazon.com.br" library="amazon_resources">
<kw name="Go To" library="SeleniumLibrary">
<arg>url=${URL}</arg>
<doc>Navigates the current browser window to the provided ``url``.</doc>
<msg timestamp="20230512 17:36:59.369" level="INFO">Opening url 'https://www.amazon.com.br'</msg>
<status status="PASS" starttime="20230512 17:36:59.347" endtime="20230512 17:37:08.770"/>
</kw>
<kw name="Wait Until Element Is Visible" library="SeleniumLibrary">
<arg>locator=${MENU_MAISVENDIDOS}</arg>
<doc>Waits until the element ``locator`` is visible.</doc>
<status status="PASS" starttime="20230512 17:37:08.770" endtime="20230512 17:37:09.455"/>
</kw>
<status status="PASS" starttime="20230512 17:36:59.346" endtime="20230512 17:37:09.455"/>
</kw>
<kw name="Verificar se o título da página fica &quot;Amazon.com.br | Tudo pra você, de A a Z.&quot;" library="amazon_resources" sourcename="Verificar se o título da página fica &quot;${TITULO}&quot;">
<kw name="Title Should Be" library="SeleniumLibrary">
<arg>title=${TITULO}</arg>
<doc>Verifies that the current page title equals ``title``.</doc>
<msg timestamp="20230512 17:37:09.464" level="INFO">Page title is 'Amazon.com.br | Tudo pra você, de A a Z.'.</msg>
<status status="PASS" starttime="20230512 17:37:09.456" endtime="20230512 17:37:09.464"/>
</kw>
<status status="PASS" starttime="20230512 17:37:09.455" endtime="20230512 17:37:09.464"/>
</kw>
<status status="PASS" starttime="20230512 17:36:59.346" endtime="20230512 17:37:09.465"/>
</kw>
<kw name="Quando acessar o menu &quot;Mais Vendidos&quot;" library="amazon_resources">
<kw name="Entrar no menu &quot;Mais Vendidos&quot;" library="amazon_resources">
<kw name="Click Element" library="SeleniumLibrary">
<arg>locator=${MENU_MAISVENDIDOS}</arg>
<doc>Click the element identified by ``locator``.</doc>
<msg timestamp="20230512 17:37:09.466" level="INFO">Clicking element '//a[@href='/gp/bestsellers/?ref_=nav_cs_bestsellers'][contains(.,'Mais Vendidos')]'.</msg>
<status status="PASS" starttime="20230512 17:37:09.465" endtime="20230512 17:37:13.940"/>
</kw>
<status status="PASS" starttime="20230512 17:37:09.465" endtime="20230512 17:37:13.940"/>
</kw>
<status status="PASS" starttime="20230512 17:37:09.465" endtime="20230512 17:37:13.941"/>
</kw>
<kw name="Então o título da página deve ficar &quot;Eletrônicos e Tecnologia | Amazon.com.br&quot;" library="amazon_resources">
<kw name="Verificar se o título da página fica &quot;Amazon.com.br Mais Vendidos: Os itens mais populares na Amazon&quot;" library="amazon_resources" sourcename="Verificar se o título da página fica &quot;${TITULO}&quot;">
<kw name="Title Should Be" library="SeleniumLibrary">
<arg>title=${TITULO}</arg>
<doc>Verifies that the current page title equals ``title``.</doc>
<msg timestamp="20230512 17:37:13.956" level="INFO">Page title is 'Amazon.com.br Mais Vendidos: Os itens mais populares na Amazon'.</msg>
<status status="PASS" starttime="20230512 17:37:13.943" endtime="20230512 17:37:13.956"/>
</kw>
<status status="PASS" starttime="20230512 17:37:13.943" endtime="20230512 17:37:13.957"/>
</kw>
<status status="PASS" starttime="20230512 17:37:13.941" endtime="20230512 17:37:13.957"/>
</kw>
<kw name="E o texto &quot;Mais Vendidos em Cozinha&quot; deve ser exibido na página" library="amazon_resources">
<kw name="Verificar se aparece a categoria &quot;Mais Vendidos em Cozinha&quot;" library="amazon_resources" sourcename="Verificar se aparece a categoria &quot;${NOME_CATEGORIA}&quot;">
<kw name="Element Should Be Visible" library="SeleniumLibrary">
<arg>locator=//h2[contains(.,'${NOME_CATEGORIA}')]</arg>
<doc>Verifies that the element identified by ``locator`` is visible.</doc>
<msg timestamp="20230512 17:37:14.109" level="INFO">Element '//h2[contains(.,'Mais Vendidos em Cozinha')]' is displayed.</msg>
<status status="PASS" starttime="20230512 17:37:13.960" endtime="20230512 17:37:14.109"/>
</kw>
<status status="PASS" starttime="20230512 17:37:13.959" endtime="20230512 17:37:14.110"/>
</kw>
<status status="PASS" starttime="20230512 17:37:13.958" endtime="20230512 17:37:14.110"/>
</kw>
<kw name="E a categoria &quot;Mais Vendidos em Moda&quot; deve ser exibida na página" library="amazon_resources">
<kw name="Verificar se aparece a categoria &quot;Mais Vendidos em Moda&quot;" library="amazon_resources" sourcename="Verificar se aparece a categoria &quot;${NOME_CATEGORIA}&quot;">
<kw name="Element Should Be Visible" library="SeleniumLibrary">
<arg>locator=//h2[contains(.,'${NOME_CATEGORIA}')]</arg>
<doc>Verifies that the element identified by ``locator`` is visible.</doc>
<msg timestamp="20230512 17:37:14.257" level="INFO">Element '//h2[contains(.,'Mais Vendidos em Moda')]' is displayed.</msg>
<status status="PASS" starttime="20230512 17:37:14.113" endtime="20230512 17:37:14.257"/>
</kw>
<status status="PASS" starttime="20230512 17:37:14.112" endtime="20230512 17:37:14.257"/>
</kw>
<status status="PASS" starttime="20230512 17:37:14.111" endtime="20230512 17:37:14.258"/>
</kw>
<doc>Esse teste verifica o menu eletrônicos do site amazon.com.br
e verifica a categoria Computadores e Informática</doc>
<tag>categorias</tag>
<tag>menus</tag>
<status status="PASS" starttime="20230512 17:36:25.231" endtime="20230512 17:37:14.258"/>
</test>
<test id="s1-t2" name="Caso de teste 02 - Pesquisa de um Produto" line="19">
<kw name="Abrir o navegador" library="amazon_resources" type="SETUP">
<kw name="Open Browser" library="SeleniumLibrary">
<arg>browser=chrome</arg>
<doc>Opens a new browser instance to the optional ``url``.</doc>
<msg timestamp="20230512 17:37:14.260" level="INFO">Opening browser 'chrome' to base url 'None'.</msg>
<status status="PASS" starttime="20230512 17:37:14.260" endtime="20230512 17:37:25.119"/>
</kw>
<kw name="Maximize Browser Window" library="SeleniumLibrary">
<doc>Maximizes current browser window.</doc>
<status status="PASS" starttime="20230512 17:37:25.119" endtime="20230512 17:37:25.229"/>
</kw>
<status status="PASS" starttime="20230512 17:37:14.259" endtime="20230512 17:37:25.491"/>
</kw>
<kw name="Dado que estou na home page da Amazon.com.br" library="amazon_resources">
<kw name="Acessar a home page do site Amazon.com.br" library="amazon_resources">
<kw name="Go To" library="SeleniumLibrary">
<arg>url=${URL}</arg>
<doc>Navigates the current browser window to the provided ``url``.</doc>
<msg timestamp="20230512 17:37:25.493" level="INFO">Opening url 'https://www.amazon.com.br'</msg>
<status status="PASS" starttime="20230512 17:37:25.493" endtime="20230512 17:37:35.554"/>
</kw>
<kw name="Wait Until Element Is Visible" library="SeleniumLibrary">
<arg>locator=${MENU_MAISVENDIDOS}</arg>
<doc>Waits until the element ``locator`` is visible.</doc>
<status status="PASS" starttime="20230512 17:37:35.554" endtime="20230512 17:37:35.933"/>
</kw>
<status status="PASS" starttime="20230512 17:37:25.492" endtime="20230512 17:37:35.933"/>
</kw>
<kw name="Verificar se o título da página fica &quot;Amazon.com.br | Tudo pra você, de A a Z.&quot;" library="amazon_resources" sourcename="Verificar se o título da página fica &quot;${TITULO}&quot;">
<kw name="Title Should Be" library="SeleniumLibrary">
<arg>title=${TITULO}</arg>
<doc>Verifies that the current page title equals ``title``.</doc>
<msg timestamp="20230512 17:37:35.977" level="INFO">Page title is 'Amazon.com.br | Tudo pra você, de A a Z.'.</msg>
<status status="PASS" starttime="20230512 17:37:35.970" endtime="20230512 17:37:35.977"/>
</kw>
<status status="PASS" starttime="20230512 17:37:35.933" endtime="20230512 17:37:35.978"/>
</kw>
<status status="PASS" starttime="20230512 17:37:25.492" endtime="20230512 17:37:35.978"/>
</kw>
<kw name="Quando pesquisar pelo produto &quot;Xbox Series S&quot;" library="amazon_resources">
<kw name="Digitar o nome de produto &quot;Xbox Series S&quot; no campo de pesquisa" library="amazon_resources" sourcename="Digitar o nome de produto &quot;${PRODUTO}&quot; no campo de pesquisa">
<kw name="Input Text" library="SeleniumLibrary">
<arg>locator=twotabsearchtextbox</arg>
<arg>text=${PRODUTO}</arg>
<doc>Types the given ``text`` into the text field identified by ``locator``.</doc>
<msg timestamp="20230512 17:37:36.041" level="INFO">Typing text 'Xbox Series S' into text field 'twotabsearchtextbox'.</msg>
<status status="PASS" starttime="20230512 17:37:35.980" endtime="20230512 17:37:37.396"/>
</kw>
<status status="PASS" starttime="20230512 17:37:35.979" endtime="20230512 17:37:37.397"/>
</kw>
<kw name="Clicar no botão de pesquisa" library="amazon_resources">
<kw name="Click Element" library="SeleniumLibrary">
<arg>locator=nav-search-submit-button</arg>
<doc>Click the element identified by ``locator``.</doc>
<msg timestamp="20230512 17:37:37.399" level="INFO">Clicking element 'nav-search-submit-button'.</msg>
<status status="PASS" starttime="20230512 17:37:37.398" endtime="20230512 17:37:38.306"/>
</kw>
<status status="PASS" starttime="20230512 17:37:37.397" endtime="20230512 17:37:38.306"/>
</kw>
<status status="PASS" starttime="20230512 17:37:35.978" endtime="20230512 17:37:38.307"/>
</kw>
<kw name="Então o título da página deve ficar &quot;Amazon.com.br : Xbox Series S&quot;" library="amazon_resources">
<kw name="Verificar se o título da página fica &quot;Amazon.com.br : Xbox Series S&quot;" library="amazon_resources" sourcename="Verificar se o título da página fica &quot;${TITULO}&quot;">
<kw name="Title Should Be" library="SeleniumLibrary">
<arg>title=${TITULO}</arg>
<doc>Verifies that the current page title equals ``title``.</doc>
<msg timestamp="20230512 17:37:38.420" level="INFO">Page title is 'Amazon.com.br : Xbox Series S'.</msg>
<status status="PASS" starttime="20230512 17:37:38.308" endtime="20230512 17:37:38.421"/>
</kw>
<status status="PASS" starttime="20230512 17:37:38.307" endtime="20230512 17:37:38.421"/>
</kw>
<status status="PASS" starttime="20230512 17:37:38.307" endtime="20230512 17:37:38.421"/>
</kw>
<kw name="E um produto da linha &quot;Xbox Series S&quot; deve ser mostrado na página" library="amazon_resources">
<kw name="Verificar o resultado da pesquisa se esta listando o produto &quot;Console Xbox Series S&quot;" library="amazon_resources" sourcename="Verificar o resultado da pesquisa se esta listando o produto &quot;${PRODUTO}&quot;">
<kw name="Wait Until Element Is Visible" library="SeleniumLibrary">
<arg>locator=(//span[contains(.,'${PRODUTO}')])[2]</arg>
<doc>Waits until the element ``locator`` is visible.</doc>
<status status="PASS" starttime="20230512 17:37:38.423" endtime="20230512 17:37:39.243"/>
</kw>
<status status="PASS" starttime="20230512 17:37:38.422" endtime="20230512 17:37:39.243"/>
</kw>
<status status="PASS" starttime="20230512 17:37:38.422" endtime="20230512 17:37:39.243"/>
</kw>
<doc>Esse teste verifica a busca de um produto</doc>
<tag>busca_produtos</tag>
<tag>lista_busca</tag>
<status status="PASS" starttime="20230512 17:37:14.259" endtime="20230512 17:37:39.243"/>
</test>
<doc>Essa suite testa o site da amazon.com.br</doc>
<status status="PASS" starttime="20230512 17:36:24.480" endtime="20230512 17:37:39.637"/>
</suite>
<statistics>
<total>
<stat pass="2" fail="0" skip="0">All Tests</stat>
</total>
<tag>
<stat pass="1" fail="0" skip="0">busca_produtos</stat>
<stat pass="1" fail="0" skip="0">categorias</stat>
<stat pass="1" fail="0" skip="0">lista_busca</stat>
<stat pass="1" fail="0" skip="0">menus</stat>
</tag>
<suite>
<stat pass="2" fail="0" skip="0" id="s1" name="Amazon Testes Gherkin Bdd">Amazon Testes Gherkin Bdd</stat>
</suite>
</statistics>
<errors>
</errors>
</robot>
